mode: atomic
github.com/web-alytics/meditate/pkg/logging/logging.go:20.24,21.17 1 0
github.com/web-alytics/meditate/pkg/logging/logging.go:24.2,24.21 1 0
github.com/web-alytics/meditate/pkg/logging/logging.go:21.17,23.3 1 0
github.com/web-alytics/meditate/pkg/logging/logging.go:28.69,31.2 2 0
github.com/web-alytics/meditate/pkg/logging/logging.go:34.50,37.14 2 0
github.com/web-alytics/meditate/pkg/logging/logging.go:42.2,42.24 1 0
github.com/web-alytics/meditate/pkg/logging/logging.go:37.14,41.3 3 0
github.com/web-alytics/meditate/pkg/services/httpserver/routes.go:18.33,31.2 1 5
github.com/web-alytics/meditate/pkg/services/httpserver/handler.go:11.36,12.30 1 5
github.com/web-alytics/meditate/pkg/services/httpserver/handler.go:12.30,14.3 1 1
github.com/web-alytics/meditate/pkg/services/httpserver/handler.go:16.37,18.30 2 5
github.com/web-alytics/meditate/pkg/services/httpserver/handler.go:18.30,19.49 1 1
github.com/web-alytics/meditate/pkg/services/httpserver/handler.go:26.3,28.5 1 1
github.com/web-alytics/meditate/pkg/services/httpserver/handler.go:19.49,25.4 1 1
github.com/web-alytics/meditate/pkg/services/httpserver/handler.go:32.56,33.41 1 5
github.com/web-alytics/meditate/pkg/services/httpserver/handler.go:43.2,43.12 1 5
github.com/web-alytics/meditate/pkg/services/httpserver/handler.go:33.41,34.23 1 10
github.com/web-alytics/meditate/pkg/services/httpserver/handler.go:35.23,36.43 1 5
github.com/web-alytics/meditate/pkg/services/httpserver/handler.go:37.24,38.44 1 5
github.com/web-alytics/meditate/pkg/services/httpserver/handler.go:39.11,40.43 1 0
github.com/web-alytics/meditate/pkg/services/httpserver/httpserver.go:31.50,39.44 7 3
github.com/web-alytics/meditate/pkg/services/httpserver/httpserver.go:43.2,51.43 2 3
github.com/web-alytics/meditate/pkg/services/httpserver/httpserver.go:54.2,54.15 1 3
github.com/web-alytics/meditate/pkg/services/httpserver/httpserver.go:39.44,42.3 2 2
github.com/web-alytics/meditate/pkg/services/httpserver/httpserver.go:51.43,53.3 1 0
github.com/web-alytics/meditate/pkg/services/httpserver/httpserver.go:58.53,60.24 2 1
github.com/web-alytics/meditate/pkg/services/httpserver/httpserver.go:66.2,66.9 1 1
github.com/web-alytics/meditate/pkg/services/httpserver/httpserver.go:60.24,62.48 2 1
github.com/web-alytics/meditate/pkg/services/httpserver/httpserver.go:62.48,64.4 1 1
github.com/web-alytics/meditate/pkg/services/httpserver/httpserver.go:67.22,68.13 1 0
github.com/web-alytics/meditate/pkg/services/httpserver/httpserver.go:69.10,70.51 1 1
github.com/web-alytics/meditate/pkg/services/httpserver/httpserver.go:73.3,73.13 1 0
github.com/web-alytics/meditate/pkg/services/httpserver/httpserver.go:70.51,72.4 1 1
github.com/web-alytics/meditate/pkg/services/httpserver/httpserver.go:78.45,82.2 3 5
github.com/web-alytics/meditate/pkg/ticker/ticker.go:23.43,26.16 3 1
github.com/web-alytics/meditate/pkg/ticker/ticker.go:29.2,31.16 3 1
github.com/web-alytics/meditate/pkg/ticker/ticker.go:34.2,37.8 1 1
github.com/web-alytics/meditate/pkg/ticker/ticker.go:26.16,28.3 1 0
github.com/web-alytics/meditate/pkg/ticker/ticker.go:31.16,33.3 1 0
github.com/web-alytics/meditate/pkg/ticker/ticker.go:41.62,43.16 2 2
github.com/web-alytics/meditate/pkg/ticker/ticker.go:46.2,47.16 2 2
github.com/web-alytics/meditate/pkg/ticker/ticker.go:50.2,53.8 1 2
github.com/web-alytics/meditate/pkg/ticker/ticker.go:43.16,45.3 1 0
github.com/web-alytics/meditate/pkg/ticker/ticker.go:47.16,49.3 1 0
github.com/web-alytics/meditate/pkg/ticker/ticker.go:55.40,57.2 1 2
github.com/web-alytics/meditate/pkg/ticker/ticker.go:60.38,61.26 1 2
github.com/web-alytics/meditate/pkg/ticker/ticker.go:65.2,65.10 1 0
github.com/web-alytics/meditate/pkg/ticker/ticker.go:61.26,64.3 2 2
github.com/web-alytics/meditate/pkg/ticker/ticker.go:69.54,72.2 2 2
github.com/web-alytics/meditate/pkg/ticker/ticker.go:75.64,79.6 4 1
github.com/web-alytics/meditate/pkg/ticker/ticker.go:79.6,80.10 1 6
github.com/web-alytics/meditate/pkg/ticker/ticker.go:81.25,82.40 1 5
github.com/web-alytics/meditate/pkg/ticker/ticker.go:83.17,85.10 2 1
